<?xml version="1.0" encoding="UTF-8"?>
<!-- Generated by org.testng.reporters.JUnitXMLReporter -->
<testsuite ignored="1" hostname="LAPTOP-F5J1JPC3" failures="0" tests="2" name="Grouping Test" time="161.283" errors="0" timestamp="2025-06-06T17:40:44 IST">
  <testcase classname="testCases.TC001_AccountRegistrationTest" name="test_AccountRegistration" time="30.39"/>
  <testcase classname="testCases.TC002_LoginTest" name="test_verifyLogin" time="15.581"/>
  <testcase classname="testCases.TC003_LoginDD" name="test_AccountRegistration" time="0.0">
    <ignored/>
  </testcase> <!-- test_AccountRegistration -->
</testsuite> <!-- Grouping Test -->
