<?xml version="1.0" encoding="UTF-8"?>
<!-- Generated by org.testng.reporters.JUnitXMLReporter -->
<testsuite ignored="0" hostname="LAPTOP-F5J1JPC3" failures="3" tests="4" name="LoginDD" time="61.958" errors="0" timestamp="2025-06-06T14:48:19 IST">
  <testcase classname="testCases.TC003_LoginDD" name="test_AccountRegistration" time="11.449">
    <failure type="java.lang.AssertionError" message="expected [true] but found [false]">
      <![CDATA[java.lang.AssertionError: expected [true] but found [false]
at testCases.TC003_LoginDD.test_AccountRegistration(TC003_LoginDD.java:39)
at java.base/java.util.ArrayList.forEach(ArrayList.java:1596)
... Removed 29 stack frames]]>
    </failure>
  </testcase> <!-- test_AccountRegistration -->
  <testcase classname="testCases.TC003_LoginDD" name="test_AccountRegistration" time="12.925">
    <failure type="java.lang.AssertionError" message="expected [true] but found [false]">
      <![CDATA[java.lang.AssertionError: expected [true] but found [false]
at testCases.TC003_LoginDD.test_AccountRegistration(TC003_LoginDD.java:39)
at java.base/java.util.ArrayList.forEach(ArrayList.java:1596)
... Removed 29 stack frames]]>
    </failure>
  </testcase> <!-- test_AccountRegistration -->
  <testcase classname="testCases.TC003_LoginDD" name="test_AccountRegistration" time="16.133"/>
  <testcase classname="testCases.TC003_LoginDD" name="test_AccountRegistration" time="12.515">
    <failure type="java.lang.AssertionError" message="expected [true] but found [false]">
      <![CDATA[java.lang.AssertionError: expected [true] but found [false]
at testCases.TC003_LoginDD.test_AccountRegistration(TC003_LoginDD.java:39)
at java.base/java.util.ArrayList.forEach(ArrayList.java:1596)
... Removed 29 stack frames]]>
    </failure>
  </testcase> <!-- test_AccountRegistration -->
</testsuite> <!-- LoginDD -->
