<?xml version="1.0" encoding="UTF-8"?>
<!-- Generated by org.testng.reporters.JUnitXMLReporter -->
<testsuite ignored="0" hostname="LAPTOP-F5J1JPC3" failures="1" tests="1" name="Test LoginDD" time="5.555" errors="0" timestamp="2025-06-06T14:22:45 IST">
  <testcase classname="testCases.TC003_LoginDD" name="test_AccountRegistration" time="0.0">
    <failure type="org.testng.TestNGException" message="
Method public void testCases.TC003_LoginDD.test_AccountRegistration() throws java.lang.InterruptedException requires a @DataProvider named : LoginData">
      <![CDATA[org.testng.TestNGException: 
Method public void testCases.TC003_LoginDD.test_AccountRegistration() throws java.lang.InterruptedException requires a @DataProvider named : LoginData
at java.base/java.util.ArrayList.forEach(ArrayList.java:1596)
... Removed 24 stack frames]]>
    </failure>
  </testcase> <!-- test_AccountRegistration -->
</testsuite> <!-- Test LoginDD -->
