<?xml version="1.0" encoding="UTF-8"?>
<testng-results ignored="0" total="2" passed="2" failed="0" skipped="0">
  <reporter-output>
  </reporter-output>
  <suite started-at="2025-06-07T23:10:20 IST" name="Suite" finished-at="2025-06-07T23:11:11 IST" duration-ms="51218">
    <groups>
      <group name="regression">
        <method signature="TC001_AccountRegistrationTest.test_AccountRegistration()[pri:0, instance:testCases.TC001_AccountRegistrationTest@1d119efb]" name="test_AccountRegistration" class="testCases.TC001_AccountRegistrationTest"/>
        <method signature="TC001_AccountRegistrationTest.test_AccountRegistration()[pri:0, instance:testCases.TC001_AccountRegistrationTest@1ddf84b8]" name="test_AccountRegistration" class="testCases.TC001_AccountRegistrationTest"/>
      </group> <!-- regression -->
      <group name="master">
        <method signature="TC001_AccountRegistrationTest.test_AccountRegistration()[pri:0, instance:testCases.TC001_AccountRegistrationTest@1d119efb]" name="test_AccountRegistration" class="testCases.TC001_AccountRegistrationTest"/>
        <method signature="TC001_AccountRegistrationTest.test_AccountRegistration()[pri:0, instance:testCases.TC001_AccountRegistrationTest@1ddf84b8]" name="test_AccountRegistration" class="testCases.TC001_AccountRegistrationTest"/>
      </group> <!-- master -->
    </groups>
    <test started-at="2025-06-07T23:10:20 IST" name="edge Test" finished-at="2025-06-07T23:10:54 IST" duration-ms="33723">
      <class name="testCases.TC001_AccountRegistrationTest">
        <test-method is-config="true" signature="setUP(java.lang.String,java.lang.String)[pri:0, instance:testCases.TC001_AccountRegistrationTest@1ddf84b8]" started-at="2025-06-07T23:10:20 IST" name="setUP" finished-at="2025-06-07T23:10:29 IST" duration-ms="8609" status="PASS">
          <params>
            <param index="0">
              <value>
                <![CDATA[edge]]>
              </value>
            </param>
            <param index="1">
              <value>
                <![CDATA[windows]]>
              </value>
            </param>
          </params>
          <reporter-output>
          </reporter-output>
        </test-method> <!-- setUP -->
        <test-method signature="test_AccountRegistration()[pri:0, instance:testCases.TC001_AccountRegistrationTest@1ddf84b8]" started-at="2025-06-07T23:10:29 IST" name="test_AccountRegistration" finished-at="2025-06-07T23:10:53 IST" duration-ms="24786" status="PASS">
          <reporter-output>
          </reporter-output>
        </test-method> <!-- test_AccountRegistration -->
        <test-method is-config="true" signature="tearDown()[pri:0, instance:testCases.TC001_AccountRegistrationTest@1ddf84b8]" started-at="2025-06-07T23:10:53 IST" name="tearDown" finished-at="2025-06-07T23:10:54 IST" duration-ms="247" status="PASS">
          <reporter-output>
          </reporter-output>
        </test-method> <!-- tearDown -->
      </class> <!-- testCases.TC001_AccountRegistrationTest -->
    </test> <!-- edge Test -->
    <test started-at="2025-06-07T23:10:20 IST" name="chrome Test" finished-at="2025-06-07T23:11:11 IST" duration-ms="51218">
      <class name="testCases.TC001_AccountRegistrationTest">
        <test-method is-config="true" signature="setUP(java.lang.String,java.lang.String)[pri:0, instance:testCases.TC001_AccountRegistrationTest@1d119efb]" started-at="2025-06-07T23:10:20 IST" name="setUP" finished-at="2025-06-07T23:10:31 IST" duration-ms="11356" status="PASS">
          <params>
            <param index="0">
              <value>
                <![CDATA[chrome]]>
              </value>
            </param>
            <param index="1">
              <value>
                <![CDATA[windows]]>
              </value>
            </param>
          </params>
          <reporter-output>
          </reporter-output>
        </test-method> <!-- setUP -->
        <test-method signature="test_AccountRegistration()[pri:0, instance:testCases.TC001_AccountRegistrationTest@1d119efb]" started-at="2025-06-07T23:10:31 IST" name="test_AccountRegistration" finished-at="2025-06-07T23:11:11 IST" duration-ms="39675" status="PASS">
          <reporter-output>
          </reporter-output>
        </test-method> <!-- test_AccountRegistration -->
        <test-method is-config="true" signature="tearDown()[pri:0, instance:testCases.TC001_AccountRegistrationTest@1d119efb]" started-at="2025-06-07T23:11:11 IST" name="tearDown" finished-at="2025-06-07T23:11:11 IST" duration-ms="141" status="PASS">
          <reporter-output>
          </reporter-output>
        </test-method> <!-- tearDown -->
      </class> <!-- testCases.TC001_AccountRegistrationTest -->
    </test> <!-- chrome Test -->
  </suite> <!-- Suite -->
</testng-results>
