<?xml version="1.0" encoding="UTF-8"?>
<testng-results ignored="0" total="2" passed="2" failed="0" skipped="0">
  <reporter-output>
  </reporter-output>
  <suite started-at="2025-06-07T15:13:33 IST" name="Suite" finished-at="2025-06-07T15:14:20 IST" duration-ms="46608">
    <groups>
      <group name="regression">
        <method signature="TC001_AccountRegistrationTest.test_AccountRegistration()[pri:0, instance:testCases.TC001_AccountRegistrationTest@510f3d34]" name="test_AccountRegistration" class="testCases.TC001_AccountRegistrationTest"/>
      </group> <!-- regression -->
      <group name="sanity">
        <method signature="TC002_LoginTest.test_verifyLogin()[pri:0, instance:testCases.TC002_LoginTest@6a78afa0]" name="test_verifyLogin" class="testCases.TC002_LoginTest"/>
      </group> <!-- sanity -->
      <group name="master">
        <method signature="TC002_LoginTest.test_verifyLogin()[pri:0, instance:testCases.TC002_LoginTest@6a78afa0]" name="test_verifyLogin" class="testCases.TC002_LoginTest"/>
        <method signature="TC001_AccountRegistrationTest.test_AccountRegistration()[pri:0, instance:testCases.TC001_AccountRegistrationTest@510f3d34]" name="test_AccountRegistration" class="testCases.TC001_AccountRegistrationTest"/>
      </group> <!-- master -->
    </groups>
    <test started-at="2025-06-07T15:13:33 IST" name="docker-Test-Login-firefox" finished-at="2025-06-07T15:13:53 IST" duration-ms="19773">
      <class name="testCases.TC002_LoginTest">
        <test-method is-config="true" signature="setUP(java.lang.String,java.lang.String)[pri:0, instance:testCases.TC002_LoginTest@6a78afa0]" started-at="2025-06-07T15:13:33 IST" name="setUP" finished-at="2025-06-07T15:13:39 IST" duration-ms="5917" status="PASS">
          <params>
            <param index="0">
              <value>
                <![CDATA[firefox]]>
              </value>
            </param>
            <param index="1">
              <value>
                <![CDATA[Linux]]>
              </value>
            </param>
          </params>
          <reporter-output>
          </reporter-output>
        </test-method> <!-- setUP -->
        <test-method signature="test_verifyLogin()[pri:0, instance:testCases.TC002_LoginTest@6a78afa0]" started-at="2025-06-07T15:13:39 IST" name="test_verifyLogin" finished-at="2025-06-07T15:13:52 IST" duration-ms="13061" status="PASS">
          <reporter-output>
          </reporter-output>
        </test-method> <!-- test_verifyLogin -->
        <test-method is-config="true" signature="tearDown()[pri:0, instance:testCases.TC002_LoginTest@6a78afa0]" started-at="2025-06-07T15:13:52 IST" name="tearDown" finished-at="2025-06-07T15:13:53 IST" duration-ms="744" status="PASS">
          <reporter-output>
          </reporter-output>
        </test-method> <!-- tearDown -->
      </class> <!-- testCases.TC002_LoginTest -->
    </test> <!-- docker-Test-Login-firefox -->
    <test started-at="2025-06-07T15:13:53 IST" name="docker-Test-AccountRegistration-chrome" finished-at="2025-06-07T15:14:20 IST" duration-ms="26733">
      <class name="testCases.TC001_AccountRegistrationTest">
        <test-method is-config="true" signature="setUP(java.lang.String,java.lang.String)[pri:0, instance:testCases.TC001_AccountRegistrationTest@510f3d34]" started-at="2025-06-07T15:13:53 IST" name="setUP" finished-at="2025-06-07T15:13:57 IST" duration-ms="3708" status="PASS">
          <params>
            <param index="0">
              <value>
                <![CDATA[chrome]]>
              </value>
            </param>
            <param index="1">
              <value>
                <![CDATA[Linux]]>
              </value>
            </param>
          </params>
          <reporter-output>
          </reporter-output>
        </test-method> <!-- setUP -->
        <test-method signature="test_AccountRegistration()[pri:0, instance:testCases.TC001_AccountRegistrationTest@510f3d34]" started-at="2025-06-07T15:13:57 IST" name="test_AccountRegistration" finished-at="2025-06-07T15:14:20 IST" duration-ms="22929" status="PASS">
          <reporter-output>
          </reporter-output>
        </test-method> <!-- test_AccountRegistration -->
        <test-method is-config="true" signature="tearDown()[pri:0, instance:testCases.TC001_AccountRegistrationTest@510f3d34]" started-at="2025-06-07T15:14:20 IST" name="tearDown" finished-at="2025-06-07T15:14:20 IST" duration-ms="93" status="PASS">
          <reporter-output>
          </reporter-output>
        </test-method> <!-- tearDown -->
      </class> <!-- testCases.TC001_AccountRegistrationTest -->
    </test> <!-- docker-Test-AccountRegistration-chrome -->
  </suite> <!-- Suite -->
</testng-results>
